<?xml version="1.0" encoding="UTF-8" ?>
<testsuite errors="0" failures="0" hostname="ubuntu" name="com.blackjack.Junit.BlackJackTest" skipped="0" tests="14" time="4.005" timestamp="2014-05-29T21:13:55">
  <properties>
[...]
</properties>
  <testcase classname="com.blackjack.Junit.CardJunitTest" name="testgetValue" time="0.0" />
  <testcase classname="com.blackjack.Junit.CardJunitTest" name="testgetSuitName" time="0.0" />
  <testcase classname="com.blackjack.Junit.CardJunitTest" name="testgetFaceName" time="0.0" />
  <testcase classname="com.blackjack.Junit.CardJunitTest" name="testgetlowValue" time="0.0" />
  <testcase classname="com.blackjack.Junit.CardJunitTest" name="testgetSuit" time="0.0" />
  <testcase classname="com.blackjack.Junit.CardJunitTest" name="testgetColorName" time="0.0" />
  <testcase classname="com.blackjack.Junit.CardJunitTest" name="testgetHighValue" time="0.0" />
  <testcase classname="com.blackjack.Junit.HandJunitTest" name="testisBlackJack" time="0.0" />
  <testcase classname="com.blackjack.Junit.HandJunitTest" name="testgetBestValue" time="0.001" />
  <testcase classname="com.blackjack.Junit.HandJunitTest" name="testisBusted" time="0.0" />
  <testcase classname="com.blackjack.Junit.PlayerPanelTest" name="testaskBet" time="3.748" />
  <testcase classname="com.blackjack.Junit.PlayerPanelTest" name="testgetCurrentBet" time="0.007" />
  <testcase classname="com.blackjack.Junit.DealerPanelJUnitTest" name="testcheckAce" time="0.0" />
  <testcase classname="com.blackjack.Junit.DealerPanelJUnitTest" name="teststartHand" time="0.0" />
  <system-out><![CDATA[]]></system-out>
  <system-err><![CDATA[]]></system-err>
</testsuite>
